
> restaurant-pos-backend@0.1.0 start
> node src/server.js

node:internal/modules/cjs/loader:1478
  throw err;
  ^

Error: Cannot find module 'resend'
Require stack:
- /Users/amarnath/Documents/New project update 1/backend/src/utils/email.js
- /Users/amarnath/Documents/New project update 1/backend/src/modules/auth/auth.service.js
- /Users/amarnath/Documents/New project update 1/backend/src/modules/auth/auth.controller.js
- /Users/amarnath/Documents/New project update 1/backend/src/modules/auth/auth.routes.js
- /Users/amarnath/Documents/New project update 1/backend/src/routes/index.js
- /Users/amarnath/Documents/New project update 1/backend/src/app.js
- /Users/amarnath/Documents/New project update 1/backend/src/server.js
    at Module._resolveFilename (node:internal/modules/cjs/loader:1475:15)
    at wrapResolveFilename (node:internal/modules/cjs/loader:1048:27)
    at defaultResolveImplForCJSLoading (node:internal/modules/cjs/loader:1072:10)
    at resolveForCJSWithHooks (node:internal/modules/cjs/loader:1093:12)
    at Module._load (node:internal/modules/cjs/loader:1261:25)
    at wrapModuleLoad (node:internal/modules/cjs/loader:255:19)
    at Module.require (node:internal/modules/cjs/loader:1575:12)
    at require (node:internal/modules/helpers:191:16)
    at Object.<anonymous> (/Users/amarnath/Documents/New project update 1/backend/src/utils/email.js:1:20)
    at Module._compile (node:internal/modules/cjs/loader:1829:14) {
  code: 'MODULE_NOT_FOUND',
  requireStack: [
    '/Users/amarnath/Documents/New project update 1/backend/src/utils/email.js',
    '/Users/amarnath/Documents/New project update 1/backend/src/modules/auth/auth.service.js',
    '/Users/amarnath/Documents/New project update 1/backend/src/modules/auth/auth.controller.js',
    '/Users/amarnath/Documents/New project update 1/backend/src/modules/auth/auth.routes.js',
    '/Users/amarnath/Documents/New project update 1/backend/src/routes/index.js',
    '/Users/amarnath/Documents/New project update 1/backend/src/app.js',
    '/Users/amarnath/Documents/New project update 1/backend/src/server.js'
  ]
}

Node.js v25.9.0

> restaurant-pos-backend@0.1.0 start
> node src/server.js

API server listening on port 4000
bash: line 1:  7690 Terminated: 15          npm start
