
> kitchen-display@0.1.0 dev
> vite --host 0.0.0.0 --port 4176

1:57:27 PM [vite] (client) Re-optimizing dependencies because vite config has changed

  VITE v7.3.2  ready in 721 ms

  ➜  Local:   http://localhost:4176/
  ➜  Network: http://192.168.68.104:4176/
8:30:57 PM [vite] vite.config.js changed, restarting server...
8:30:57 PM [vite] server restarted.
8:34:02 PM [vite] (client) page reload electron-dist/mac-arm64/LICENSES.chromium.html
8:34:03 PM [vite] (client) page reload electron-dist/mac-arm64/LICENSES.chromium.html
npm error Lifecycle script `dev` failed with error:
npm error code 143
npm error path /Users/amarnath/Documents/New project update 1/apps/kitchen-display
npm error workspace kitchen-display@0.1.0
npm error location /Users/amarnath/Documents/New project update 1/apps/kitchen-display
npm error command failed
npm error command sh -c vite --host 0.0.0.0 --port 4176
npm warn config ignoring workspace config at /Users/amarnath/Documents/New project update 1/apps/kitchen-display/.npmrc

> dinex-kds@1.0.0 dev
> vite --host 0.0.0.0 --port 4176

11:48:06 AM [vite] (client) Re-optimizing dependencies because vite config has changed

  VITE v7.3.2  ready in 376 ms

  ➜  Local:   http://localhost:4176/
  ➜  Network: http://192.168.68.102:4176/
  ➜  Network: http://169.254.195.185:4176/
npm error Lifecycle script `dev` failed with error:
npm error code 143
npm error path /Users/amarnath/Documents/New project update 1/apps/kitchen-display
npm error workspace dinex-kds@1.0.0
npm error location /Users/amarnath/Documents/New project update 1/apps/kitchen-display
npm error command failed
npm error command sh -c vite --host 0.0.0.0 --port 4176
