
> owner-web@0.1.0 dev
> vite --host 0.0.0.0 --port 4173

1:57:27 PM [vite] (client) Re-optimizing dependencies because vite config has changed

  VITE v7.3.2  ready in 325 ms

  ➜  Local:   http://localhost:4173/
  ➜  Network: http://192.168.68.104:4173/
2:29:13 PM [vite] (client) hmr update /src/features/menu/BulkImportPanel.jsx
2:58:33 PM [vite] (client) hmr update /src/lib/AuthContext.jsx
2:58:42 PM [vite] (client) hmr update /src/lib/AuthContext.jsx
2:58:48 PM [vite] (client) hmr update /src/lib/AuthContext.jsx
2:58:53 PM [vite] (client) hmr update /src/pages/LoginPage.jsx
4:31:29 PM [vite] (client) hmr update /src/components/Sidebar.jsx
4:31:59 PM [vite] (client) hmr update /src/styles/app.css
4:40:22 PM [vite] (client) hmr update /src/pages/SignupPage.jsx, /src/lib/AuthContext.jsx, /src/features/inventory/InventoryPage.jsx, /src/features/devices/DevicesPage.jsx, /src/components/OwnerLayout.jsx, /src/features/business/BusinessProfilePage.jsx, /src/features/discounts/DiscountRulesPage.jsx, /src/features/appstore/AppStorePage.jsx, /src/features/overview/OverviewPage.jsx, /src/features/outlets/OutletsPage.jsx, /src/features/staff/StaffPage.jsx, /src/features/menu/MenuPage.jsx, /src/features/menu/BulkImportPanel.jsx
4:40:31 PM [vite] (client) hmr update /src/lib/AuthContext.jsx
4:48:29 PM [vite] (client) hmr update /src/pages/LoginPage.jsx
4:48:55 PM [vite] (client) hmr update /src/pages/LoginPage.jsx
4:49:42 PM [vite] (client) hmr update /src/App.jsx
4:49:45 PM [vite] (client) hmr update /src/App.jsx
4:49:59 PM [vite] (client) hmr update /src/styles/app.css
8:02:31 PM [vite] (client) hmr update /src/pages/routes.jsx, /src/components/Sidebar.jsx
8:02:35 PM [vite] (client) hmr update /src/pages/routes.jsx
8:02:40 PM [vite] (client) hmr update /src/pages/routes.jsx
8:02:52 PM [vite] (client) hmr update /src/features/menu/MenuPage.jsx
8:04:38 PM [vite] (client) hmr update /src/styles/app.css
npm error Lifecycle script `dev` failed with error:
npm error code 143
npm error path /Users/amarnath/Documents/New project update 1/apps/owner-web
npm error workspace owner-web@0.1.0
npm error location /Users/amarnath/Documents/New project update 1/apps/owner-web
npm error command failed
npm error command sh -c vite --host 0.0.0.0 --port 4173
